ERREUR:  le rôle « followdem » existe déjà
CREATE EXTENSION
NOTICE:  l'extension « plpgsql » existe déjà, poursuite du traitement
COMMENT
CREATE EXTENSION


--------------------

SET
SET
SET
SET
SET
SET
CREATE SCHEMA
SET
CREATE FUNCTION
CREATE FUNCTION
SET
SET
CREATE TABLE
COMMENT
CREATE TABLE
CREATE TABLE
DO
ALTER SEQUENCE
ALTER TABLE
CREATE TABLE
DO
ALTER SEQUENCE
ALTER TABLE
CREATE TABLE
CREATE TABLE
DO
ALTER SEQUENCE
ALTER TABLE
CREATE TABLE
CREATE TABLE
DO
ALTER SEQUENCE
ALTER TABLE
CREATE TABLE
COMMENT
DO
ALTER SEQUENCE
ALTER TABLE
CREATE TABLE
COMMENT
DO
ALTER SEQUENCE
ALTER TABLE
CREATE TABLE
COMMENT
CREATE TABLE
COMMENT
CREATE TABLE
COMMENT
CREATE TABLE
COMMENT
CREATE TABLE
COMMENT
CREATE TABLE
COMMENT
DO
DO
DO
DO
DO
DO
DO
DO
DO
DO
DO
DO
DO
DO
DO
DO
DO
DO
DO
DO
DO
DO
DO
DO
DO
DO
DO
DO
DO
DO
DO
DO
DO
DO
DO
DO
CREATE FUNCTION
CREATE FUNCTION
CREATE FUNCTION
CREATE FUNCTION
CREATE FUNCTION
CREATE FUNCTION
DO
DO
DO
DO


--------------------

SET
SET
SET
SET
SET
 set_config 
------------
 
(1 ligne)

SET
SET
SET
SET
CREATE SCHEMA
ALTER SCHEMA
CREATE TABLE
COMMENT
CREATE TABLE
COMMENT
CREATE TABLE
COMMENT
CREATE TABLE
COMMENT
CREATE TABLE
COMMENT
CREATE TABLE
COMMENT
CREATE TABLE
COMMENT
CREATE TABLE
ALTER TABLE
ALTER TABLE
ALTER TABLE
ALTER TABLE
ALTER TABLE
ALTER TABLE
ALTER TABLE
ALTER TABLE
CREATE INDEX
CREATE INDEX
CREATE INDEX
CREATE INDEX
ALTER TABLE
ALTER TABLE
ALTER TABLE
ALTER TABLE
ALTER TABLE
ALTER TABLE
INSERT 0 2
INSERT 0 1
INSERT 0 2
INSERT 0 2
INSERT 0 2
